<?xml version="1.0" encoding="UTF-8"?>
<!-- Generated by org.testng.reporters.JUnitXMLReporter -->
<testsuite ignored="0" hostname="LAPTOP-DK6TK74Q" failures="1" tests="1" name="Test" time="18.345" errors="0" timestamp="2021-10-21T16:10:45 IST">
  <testcase classname="com.Vtiger.SampleTestCaseForScreenShot" name="demoTest" time="0.016">
    <failure type="java.lang.ArithmeticException" message="/ by zero">
      <![CDATA[java.lang.ArithmeticException: / by zero
at com.Vtiger.SampleTestCaseForScreenShot.demoTest(SampleTestCaseForScreenShot.java:14)
at java.base/java.util.ArrayList.forEach(ArrayList.java:1507)
... Removed 27 stack frames]]>
    </failure>
  </testcase> <!-- demoTest -->
</testsuite> <!-- Test -->
