<?xml version="1.0" encoding="UTF-8"?>
<!-- Generated by org.testng.reporters.JUnitXMLReporter -->
<testsuite hostname="Amar" ignored="1" name="Test_runner1" tests="1" failures="0" timestamp="2022-01-24T19:59:34 IST" time="50.506" errors="0">
  <testcase name="createOrgTest" time="19.363" classname="com.Vtiger.TC_000_CreateOrg"/>
  <testcase name="TC001_createOrgwithDD" time="0.0" classname="com.Vtiger.TC_000_CreateOrg">
    <ignored/>
  </testcase> <!-- TC001_createOrgwithDD -->
</testsuite> <!-- Test_runner1 -->
