<?xml version="1.0" encoding="UTF-8"?>
<!-- Generated by org.testng.reporters.JUnitXMLReporter -->
<testsuite ignored="1" hostname="LAPTOP-DK6TK74Q" failures="0" tests="1" name="Test" time="51.481" errors="0" timestamp="2021-10-21T11:40:36 IST">
  <testcase classname="com.Vtiger.TC_000_CreateOrg" name="TC001_createOrgwithDD" time="35.943"/>
  <testcase classname="com.Vtiger.TC_000_CreateOrg" name="createOrgTest" time="0.0">
    <ignored/>
  </testcase> <!-- createOrgTest -->
</testsuite> <!-- Test -->
