<?xml version="1.0" encoding="UTF-8"?>
<!-- Generated by org.testng.reporters.JUnitXMLReporter -->
<testsuite ignored="1" hostname="LAPTOP-DK6TK74Q" failures="0" tests="1" name="Test_runner1" time="38.579" errors="0" timestamp="2021-10-21T11:50:47 IST">
  <testcase classname="com.Vtiger.TC_000_CreateOrg" name="createOrgTest" time="20.085"/>
  <testcase classname="com.Vtiger.TC_000_CreateOrg" name="TC001_createOrgwithDD" time="0.0">
    <ignored/>
  </testcase> <!-- TC001_createOrgwithDD -->
</testsuite> <!-- Test_runner1 -->
