<?xml version="1.0" encoding="UTF-8"?>
<!-- Generated by org.testng.reporters.JUnitXMLReporter -->
<testsuite hostname="Amar" ignored="2" tests="0" failures="0" timestamp="2022-01-24T19:58:57 IST" time="13.066" errors="0">
  <testcase name="TC001_createOrgwithDD" time="0.0" classname="com.Vtiger.TC_000_CreateOrg">
    <ignored/>
  </testcase> <!-- TC001_createOrgwithDD -->
  <testcase name="createOrgTest" time="0.0" classname="com.Vtiger.TC_000_CreateOrg">
    <ignored/>
  </testcase> <!-- createOrgTest -->
</testsuite>
