<?xml version="1.0" encoding="UTF-8"?>
<testng-results skipped="0" failed="0" ignored="0" total="1" passed="1">
  <reporter-output>
  </reporter-output>
  <suite name="Default suite" duration-ms="79343" started-at="2021-10-06T10:21:31Z" finished-at="2021-10-06T10:22:50Z">
    <groups>
    </groups>
    <test name="Default test" duration-ms="79343" started-at="2021-10-06T10:21:31Z" finished-at="2021-10-06T10:22:50Z">
      <class name="com.Vtiger.TC_003_CreateContact_org_Test">
        <test-method status="PASS" signature="createcontactwith_Org()[pri:0, instance:com.Vtiger.TC_003_CreateContact_org_Test@6293abcc]" name="createcontactwith_Org" duration-ms="79272" started-at="2021-10-06T10:21:31Z" finished-at="2021-10-06T10:22:50Z">
          <reporter-output>
          </reporter-output>
        </test-method> <!-- createcontactwith_Org -->
      </class> <!-- com.Vtiger.TC_003_CreateContact_org_Test -->
    </test> <!-- Default test -->
  </suite> <!-- Default suite -->
</testng-results>
