<?xml version="1.0" encoding="UTF-8"?>
<testng-results skipped="0" failed="0" ignored="3" total="4" passed="1">
  <reporter-output>
  </reporter-output>
  <suite name="Suite" duration-ms="50507" started-at="2022-01-24T19:58:44 IST" finished-at="2022-01-24T19:59:34 IST">
    <groups>
      <group name="smoke">
        <method signature="TC_000_CreateOrg.createOrgTest()[pri:0, instance:com.Vtiger.TC_000_CreateOrg@13eb8acf]" name="createOrgTest" class="com.Vtiger.TC_000_CreateOrg"/>
      </group> <!-- smoke -->
    </groups>
    <test name="Test_runner2" duration-ms="13066" started-at="2022-01-24T19:58:44 IST" finished-at="2022-01-24T19:58:57 IST">
      <class name="com.Vtiger.TC_000_CreateOrg">
        <test-method status="PASS" signature="startConnection()[pri:0, instance:com.Vtiger.TC_000_CreateOrg@4d1b0d2a]" name="startConnection" is-config="true" duration-ms="30" started-at="2022-01-24T19:58:44 IST" finished-at="2022-01-24T19:58:44 IST">
          <reporter-output>
          </reporter-output>
        </test-method> <!-- startConnection -->
        <test-method status="PASS" signature="launchBrowser()[pri:0, instance:com.Vtiger.TC_000_CreateOrg@4d1b0d2a]" name="launchBrowser" is-config="true" duration-ms="10583" started-at="2022-01-24T19:58:44 IST" finished-at="2022-01-24T19:58:54 IST">
          <reporter-output>
          </reporter-output>
        </test-method> <!-- launchBrowser -->
        <test-method status="PASS" signature="closeBrowser()[pri:0, instance:com.Vtiger.TC_000_CreateOrg@4d1b0d2a]" name="closeBrowser" is-config="true" duration-ms="2457" started-at="2022-01-24T19:58:54 IST" finished-at="2022-01-24T19:58:57 IST">
          <reporter-output>
          </reporter-output>
        </test-method> <!-- closeBrowser -->
        <test-method status="PASS" signature="closeConnection()[pri:0, instance:com.Vtiger.TC_000_CreateOrg@4d1b0d2a]" name="closeConnection" is-config="true" duration-ms="1" started-at="2022-01-24T19:59:34 IST" finished-at="2022-01-24T19:59:34 IST">
          <reporter-output>
          </reporter-output>
        </test-method> <!-- closeConnection -->
      </class> <!-- com.Vtiger.TC_000_CreateOrg -->
    </test> <!-- Test_runner2 -->
    <test name="Test_runner1" duration-ms="50506" started-at="2022-01-24T19:58:44 IST" finished-at="2022-01-24T19:59:34 IST">
      <class name="com.Vtiger.TC_000_CreateOrg">
        <test-method status="PASS" signature="launchBrowser()[pri:0, instance:com.Vtiger.TC_000_CreateOrg@13eb8acf]" name="launchBrowser" is-config="true" duration-ms="10699" started-at="2022-01-24T19:58:44 IST" finished-at="2022-01-24T19:58:55 IST">
          <reporter-output>
          </reporter-output>
        </test-method> <!-- launchBrowser -->
        <test-method status="PASS" signature="login()[pri:0, instance:com.Vtiger.TC_000_CreateOrg@13eb8acf]" name="login" is-config="true" duration-ms="9906" started-at="2022-01-24T19:58:55 IST" finished-at="2022-01-24T19:59:05 IST">
          <reporter-output>
          </reporter-output>
        </test-method> <!-- login -->
        <test-method status="PASS" signature="createOrgTest()[pri:0, instance:com.Vtiger.TC_000_CreateOrg@13eb8acf]" name="createOrgTest" duration-ms="19363" started-at="2022-01-24T19:59:05 IST" finished-at="2022-01-24T19:59:24 IST">
          <reporter-output>
          </reporter-output>
        </test-method> <!-- createOrgTest -->
        <test-method status="PASS" signature="logout()[pri:0, instance:com.Vtiger.TC_000_CreateOrg@13eb8acf]" name="logout" is-config="true" duration-ms="8298" started-at="2022-01-24T19:59:24 IST" finished-at="2022-01-24T19:59:32 IST">
          <reporter-output>
          </reporter-output>
        </test-method> <!-- logout -->
        <test-method status="PASS" signature="closeBrowser()[pri:0, instance:com.Vtiger.TC_000_CreateOrg@13eb8acf]" name="closeBrowser" is-config="true" duration-ms="2157" started-at="2022-01-24T19:59:32 IST" finished-at="2022-01-24T19:59:34 IST">
          <reporter-output>
          </reporter-output>
        </test-method> <!-- closeBrowser -->
      </class> <!-- com.Vtiger.TC_000_CreateOrg -->
    </test> <!-- Test_runner1 -->
  </suite> <!-- Suite -->
</testng-results>
