<?xml version="1.0" encoding="UTF-8"?>
<testng-results ignored="0" total="1" passed="1" failed="0" skipped="0">
  <reporter-output>
    <line>
      <![CDATA[Create org. with dropdown is passed]]>
    </line>
  </reporter-output>
  <suite started-at="2021-10-20T16:49:30 IST" name="Default suite" finished-at="2021-10-20T16:50:18 IST" duration-ms="47345">
    <groups>
    </groups>
    <test started-at="2021-10-20T16:49:30 IST" name="Default test" finished-at="2021-10-20T16:50:18 IST" duration-ms="47345">
      <class name="com.Vtiger.TC_001_CreateOrgWith_DDTest">
        <test-method is-config="true" signature="startConnection()[pri:0, instance:com.Vtiger.TC_001_CreateOrgWith_DDTest@6ca8564a]" started-at="2021-10-20T16:49:30 IST" name="startConnection" finished-at="2021-10-20T16:49:30 IST" duration-ms="14" status="PASS">
          <reporter-output>
          </reporter-output>
        </test-method> <!-- startConnection -->
        <test-method is-config="true" signature="launchBrowser()[pri:0, instance:com.Vtiger.TC_001_CreateOrgWith_DDTest@6ca8564a]" started-at="2021-10-20T16:49:30 IST" name="launchBrowser" finished-at="2021-10-20T16:49:38 IST" duration-ms="7098" status="PASS">
          <reporter-output>
          </reporter-output>
        </test-method> <!-- launchBrowser -->
        <test-method is-config="true" signature="login()[pri:0, instance:com.Vtiger.TC_001_CreateOrgWith_DDTest@6ca8564a]" started-at="2021-10-20T16:49:38 IST" name="login" finished-at="2021-10-20T16:49:42 IST" duration-ms="4694" status="PASS">
          <reporter-output>
          </reporter-output>
        </test-method> <!-- login -->
        <test-method signature="TC001_createOrgwithDD()[pri:0, instance:com.Vtiger.TC_001_CreateOrgWith_DDTest@6ca8564a]" started-at="2021-10-20T16:49:42 IST" name="TC001_createOrgwithDD" finished-at="2021-10-20T16:50:13 IST" duration-ms="30718" status="PASS">
          <reporter-output>
            <line>
              <![CDATA[Create org. with dropdown is passed]]>
            </line>
          </reporter-output>
        </test-method> <!-- TC001_createOrgwithDD -->
        <test-method is-config="true" signature="logout()[pri:0, instance:com.Vtiger.TC_001_CreateOrgWith_DDTest@6ca8564a]" started-at="2021-10-20T16:50:13 IST" name="logout" finished-at="2021-10-20T16:50:16 IST" duration-ms="2630" status="PASS">
          <reporter-output>
          </reporter-output>
        </test-method> <!-- logout -->
        <test-method is-config="true" signature="closeBrowser()[pri:0, instance:com.Vtiger.TC_001_CreateOrgWith_DDTest@6ca8564a]" started-at="2021-10-20T16:50:16 IST" name="closeBrowser" finished-at="2021-10-20T16:50:18 IST" duration-ms="2154" status="PASS">
          <reporter-output>
          </reporter-output>
        </test-method> <!-- closeBrowser -->
        <test-method is-config="true" signature="closeConnection()[pri:0, instance:com.Vtiger.TC_001_CreateOrgWith_DDTest@6ca8564a]" started-at="2021-10-20T16:50:18 IST" name="closeConnection" finished-at="2021-10-20T16:50:18 IST" duration-ms="0" status="PASS">
          <reporter-output>
          </reporter-output>
        </test-method> <!-- closeConnection -->
      </class> <!-- com.Vtiger.TC_001_CreateOrgWith_DDTest -->
    </test> <!-- Default test -->
  </suite> <!-- Default suite -->
</testng-results>
