<?xml version="1.0" encoding="UTF-8"?>
<testng-results skipped="0" failed="0" ignored="0" total="1" passed="1">
  <reporter-output>
  </reporter-output>
  <suite name="Default suite" duration-ms="29210" started-at="2021-10-21T05:49:17Z" finished-at="2021-10-21T05:49:46Z">
    <groups>
    </groups>
    <test name="Default test" duration-ms="29210" started-at="2021-10-21T05:49:17Z" finished-at="2021-10-21T05:49:46Z">
      <class name="com.Vtiger.practice.AdminTest">
        <test-method status="PASS" signature="readDATAfromCMD()[pri:0, instance:com.Vtiger.practice.AdminTest@7d3a22a9]" name="readDATAfromCMD" duration-ms="29119" started-at="2021-10-21T05:49:17Z" finished-at="2021-10-21T05:49:46Z">
          <reporter-output>
          </reporter-output>
        </test-method> <!-- readDATAfromCMD -->
      </class> <!-- com.Vtiger.practice.AdminTest -->
    </test> <!-- Default test -->
  </suite> <!-- Default suite -->
</testng-results>
