<?xml version="1.0" encoding="UTF-8"?>
<testng-results skipped="1" failed="0" ignored="4" total="6" passed="1">
  <reporter-output>
    <line>
      <![CDATA[Create org. with dropdown is passed]]>
    </line>
  </reporter-output>
  <suite name="Suite" duration-ms="75965" started-at="2021-10-22T22:03:31 IST" finished-at="2021-10-22T22:04:47 IST">
    <groups>
    </groups>
    <test name="Test" duration-ms="75965" started-at="2021-10-22T22:03:31 IST" finished-at="2021-10-22T22:04:47 IST">
      <class name="com.Vtiger.TC_002_CreateContactTest">
        <test-method status="FAIL" signature="login()[pri:0, instance:com.Vtiger.TC_002_CreateContactTest@a38d7a3]" name="login" is-config="true" duration-ms="2" started-at="2021-10-22T22:04:45 IST" finished-at="2021-10-22T22:04:45 IST">
          <exception class="java.lang.NullPointerException">
            <full-stacktrace>
              <![CDATA[java.lang.NullPointerException
at org.openqa.selenium.support.pagefactory.DefaultElementLocator.findElement(DefaultElementLocator.java:69)
at org.openqa.selenium.support.pagefactory.internal.LocatingElementHandler.invoke(LocatingElementHandler.java:38)
at com.sun.proxy.$Proxy13.sendKeys(Unknown Source)
at objectRepo.LoginPage.logintoApp(LoginPage.java:47)
at com.vtiger.generic.BaseClass.login(BaseClass.java:65)
at sun.reflect.NativeMethodAccessorImpl.invoke0(Native Method)
at sun.reflect.NativeMethodAccessorImpl.invoke(NativeMethodAccessorImpl.java:62)
at sun.reflect.DelegatingMethodAccessorImpl.invoke(DelegatingMethodAccessorImpl.java:43)
at java.lang.reflect.Method.invoke(Method.java:498)
at org.testng.internal.MethodInvocationHelper.invokeMethod(MethodInvocationHelper.java:132)
at org.testng.internal.MethodInvocationHelper.invokeMethodConsideringTimeout(MethodInvocationHelper.java:61)
at org.testng.internal.ConfigInvoker.invokeConfigurationMethod(ConfigInvoker.java:366)
at org.testng.internal.ConfigInvoker.invokeConfigurations(ConfigInvoker.java:320)
at org.testng.internal.TestInvoker.runConfigMethods(TestInvoker.java:701)
at org.testng.internal.TestInvoker.invokeMethod(TestInvoker.java:527)
at org.testng.internal.TestInvoker.invokeTestMethod(TestInvoker.java:174)
at org.testng.internal.MethodRunner.runInSequence(MethodRunner.java:46)
at org.testng.internal.TestInvoker$MethodInvocationAgent.invoke(TestInvoker.java:822)
at org.testng.internal.TestInvoker.invokeTestMethods(TestInvoker.java:147)
at org.testng.internal.TestMethodWorker.invokeTestMethods(TestMethodWorker.java:146)
at org.testng.internal.TestMethodWorker.run(TestMethodWorker.java:128)
at java.util.ArrayList.forEach(ArrayList.java:1257)
at org.testng.TestRunner.privateRun(TestRunner.java:764)
at org.testng.TestRunner.run(TestRunner.java:585)
at org.testng.SuiteRunner.runTest(SuiteRunner.java:384)
at org.testng.SuiteRunner.runSequentially(SuiteRunner.java:378)
at org.testng.SuiteRunner.privateRun(SuiteRunner.java:337)
at org.testng.SuiteRunner.run(SuiteRunner.java:286)
at org.testng.SuiteRunnerWorker.runSuite(SuiteRunnerWorker.java:53)
at org.testng.SuiteRunnerWorker.run(SuiteRunnerWorker.java:96)
at org.testng.TestNG.runSuitesSequentially(TestNG.java:1218)
at org.testng.TestNG.runSuitesLocally(TestNG.java:1140)
at org.testng.TestNG.runSuites(TestNG.java:1069)
at org.testng.TestNG.run(TestNG.java:1037)
at org.testng.remote.AbstractRemoteTestNG.run(AbstractRemoteTestNG.java:115)
at org.testng.remote.RemoteTestNG.initAndRun(RemoteTestNG.java:251)
at org.testng.remote.RemoteTestNG.main(RemoteTestNG.java:77)
]]>
            </full-stacktrace>
          </exception> <!-- java.lang.NullPointerException -->
          <reporter-output>
          </reporter-output>
        </test-method> <!-- login -->
        <test-method status="SKIP" signature="createcontact()[pri:0, instance:com.Vtiger.TC_002_CreateContactTest@a38d7a3]" name="createcontact" duration-ms="0" started-at="2021-10-22T22:04:45 IST" finished-at="2021-10-22T22:04:45 IST">
          <exception class="java.lang.NullPointerException">
            <full-stacktrace>
              <![CDATA[java.lang.NullPointerException
at org.openqa.selenium.support.pagefactory.DefaultElementLocator.findElement(DefaultElementLocator.java:69)
at org.openqa.selenium.support.pagefactory.internal.LocatingElementHandler.invoke(LocatingElementHandler.java:38)
at com.sun.proxy.$Proxy13.sendKeys(Unknown Source)
at objectRepo.LoginPage.logintoApp(LoginPage.java:47)
at com.vtiger.generic.BaseClass.login(BaseClass.java:65)
at sun.reflect.NativeMethodAccessorImpl.invoke0(Native Method)
at sun.reflect.NativeMethodAccessorImpl.invoke(NativeMethodAccessorImpl.java:62)
at sun.reflect.DelegatingMethodAccessorImpl.invoke(DelegatingMethodAccessorImpl.java:43)
at java.lang.reflect.Method.invoke(Method.java:498)
at org.testng.internal.MethodInvocationHelper.invokeMethod(MethodInvocationHelper.java:132)
at org.testng.internal.MethodInvocationHelper.invokeMethodConsideringTimeout(MethodInvocationHelper.java:61)
at org.testng.internal.ConfigInvoker.invokeConfigurationMethod(ConfigInvoker.java:366)
at org.testng.internal.ConfigInvoker.invokeConfigurations(ConfigInvoker.java:320)
at org.testng.internal.TestInvoker.runConfigMethods(TestInvoker.java:701)
at org.testng.internal.TestInvoker.invokeMethod(TestInvoker.java:527)
at org.testng.internal.TestInvoker.invokeTestMethod(TestInvoker.java:174)
at org.testng.internal.MethodRunner.runInSequence(MethodRunner.java:46)
at org.testng.internal.TestInvoker$MethodInvocationAgent.invoke(TestInvoker.java:822)
at org.testng.internal.TestInvoker.invokeTestMethods(TestInvoker.java:147)
at org.testng.internal.TestMethodWorker.invokeTestMethods(TestMethodWorker.java:146)
at org.testng.internal.TestMethodWorker.run(TestMethodWorker.java:128)
at java.util.ArrayList.forEach(ArrayList.java:1257)
at org.testng.TestRunner.privateRun(TestRunner.java:764)
at org.testng.TestRunner.run(TestRunner.java:585)
at org.testng.SuiteRunner.runTest(SuiteRunner.java:384)
at org.testng.SuiteRunner.runSequentially(SuiteRunner.java:378)
at org.testng.SuiteRunner.privateRun(SuiteRunner.java:337)
at org.testng.SuiteRunner.run(SuiteRunner.java:286)
at org.testng.SuiteRunnerWorker.runSuite(SuiteRunnerWorker.java:53)
at org.testng.SuiteRunnerWorker.run(SuiteRunnerWorker.java:96)
at org.testng.TestNG.runSuitesSequentially(TestNG.java:1218)
at org.testng.TestNG.runSuitesLocally(TestNG.java:1140)
at org.testng.TestNG.runSuites(TestNG.java:1069)
at org.testng.TestNG.run(TestNG.java:1037)
at org.testng.remote.AbstractRemoteTestNG.run(AbstractRemoteTestNG.java:115)
at org.testng.remote.RemoteTestNG.initAndRun(RemoteTestNG.java:251)
at org.testng.remote.RemoteTestNG.main(RemoteTestNG.java:77)
]]>
            </full-stacktrace>
          </exception> <!-- java.lang.NullPointerException -->
          <reporter-output>
          </reporter-output>
        </test-method> <!-- createcontact -->
        <test-method status="SKIP" signature="logout()[pri:0, instance:com.Vtiger.TC_002_CreateContactTest@a38d7a3]" name="logout" is-config="true" duration-ms="-1634920485674" started-at="2021-10-22T22:04:45 IST" finished-at="1970-01-01T05:30:00 IST">
          <reporter-output>
          </reporter-output>
        </test-method> <!-- logout -->
      </class> <!-- com.Vtiger.TC_002_CreateContactTest -->
      <class name="com.Vtiger.TC_001_CreateOrgWith_DDTest">
        <test-method status="PASS" signature="startConnection()[pri:0, instance:com.Vtiger.TC_001_CreateOrgWith_DDTest@1a3869f4]" name="startConnection" is-config="true" duration-ms="43" started-at="2021-10-22T22:03:31 IST" finished-at="2021-10-22T22:03:31 IST">
          <reporter-output>
          </reporter-output>
        </test-method> <!-- startConnection -->
        <test-method status="PASS" signature="launchBrowser()[pri:0, instance:com.Vtiger.TC_001_CreateOrgWith_DDTest@1a3869f4]" name="launchBrowser" is-config="true" duration-ms="8657" started-at="2021-10-22T22:03:31 IST" finished-at="2021-10-22T22:03:40 IST">
          <reporter-output>
          </reporter-output>
        </test-method> <!-- launchBrowser -->
        <test-method status="PASS" signature="login()[pri:0, instance:com.Vtiger.TC_001_CreateOrgWith_DDTest@1a3869f4]" name="login" is-config="true" duration-ms="9826" started-at="2021-10-22T22:03:40 IST" finished-at="2021-10-22T22:03:50 IST">
          <reporter-output>
          </reporter-output>
        </test-method> <!-- login -->
        <test-method status="PASS" signature="TC001_createOrgwithDD()[pri:0, instance:com.Vtiger.TC_001_CreateOrgWith_DDTest@1a3869f4]" name="TC001_createOrgwithDD" duration-ms="51304" started-at="2021-10-22T22:03:50 IST" finished-at="2021-10-22T22:04:41 IST">
          <reporter-output>
            <line>
              <![CDATA[Create org. with dropdown is passed]]>
            </line>
          </reporter-output>
        </test-method> <!-- TC001_createOrgwithDD -->
        <test-method status="PASS" signature="logout()[pri:0, instance:com.Vtiger.TC_001_CreateOrgWith_DDTest@1a3869f4]" name="logout" is-config="true" duration-ms="3840" started-at="2021-10-22T22:04:41 IST" finished-at="2021-10-22T22:04:45 IST">
          <reporter-output>
          </reporter-output>
        </test-method> <!-- logout -->
        <test-method status="PASS" signature="closeBrowser()[pri:0, instance:com.Vtiger.TC_001_CreateOrgWith_DDTest@1a3869f4]" name="closeBrowser" is-config="true" duration-ms="2174" started-at="2021-10-22T22:04:45 IST" finished-at="2021-10-22T22:04:47 IST">
          <reporter-output>
          </reporter-output>
        </test-method> <!-- closeBrowser -->
        <test-method status="PASS" signature="closeConnection()[pri:0, instance:com.Vtiger.TC_001_CreateOrgWith_DDTest@1a3869f4]" name="closeConnection" is-config="true" duration-ms="2" started-at="2021-10-22T22:04:48 IST" finished-at="2021-10-22T22:04:48 IST">
          <reporter-output>
          </reporter-output>
        </test-method> <!-- closeConnection -->
      </class> <!-- com.Vtiger.TC_001_CreateOrgWith_DDTest -->
    </test> <!-- Test -->
  </suite> <!-- Suite -->
</testng-results>
